<?xml version="1.0" encoding="UTF-8"?>
<testsuite name="com.adventure.MT3" tests="10" skipped="0" failures="0" errors="0" timestamp="2022-09-28T19:11:16" hostname="Juans-MacBook-Pro.local" time="1.21">
  <properties/>
  <testcase name="testPlayerMovementInvalid()" classname="com.adventure.MT3" time="0.082"/>
  <testcase name="testPlayerMovementEast()" classname="com.adventure.MT3" time="0.004"/>
  <testcase name="testPlayerMovementWest()" classname="com.adventure.MT3" time="0.005"/>
  <testcase name="testInvalidMoveInput()" classname="com.adventure.MT3" time="1.049"/>
  <testcase name="testPrompt2()" classname="com.adventure.MT3" time="0.008"/>
  <testcase name="checkMoveInputEast()" classname="com.adventure.MT3" time="0.005"/>
  <testcase name="checkMoveInputWest()" classname="com.adventure.MT3" time="0.003"/>
  <testcase name="testUseInput()" classname="com.adventure.MT3" time="0.026"/>
  <testcase name="checkSimpleInput()" classname="com.adventure.MT3" time="0.002"/>
  <testcase name="testPrompt()" classname="com.adventure.MT3" time="0.005"/>
  <system-out><![CDATA[]]></system-out>
  <system-err><![CDATA[]]></system-err>
</testsuite>
