<?xml version="1.0" encoding="UTF-8"?>
<testsuite name="com.adventure.MT2" tests="2" skipped="0" failures="0" errors="0" timestamp="2022-09-22T03:04:57" hostname="Juans-MacBook-Pro.local" time="0.149">
  <properties/>
  <testcase name="canOpenDoor()" classname="com.adventure.MT2" time="0.123"/>
  <testcase name="setName()" classname="com.adventure.MT2" time="0.016"/>
  <system-out><![CDATA[]]></system-out>
  <system-err><![CDATA[]]></system-err>
</testsuite>
