<?xml version="1.0" encoding="UTF-8"?>
<testsuite name="com.adventure.MT5" tests="2" skipped="0" failures="0" errors="0" timestamp="2022-10-06T01:10:43" hostname="Juans-MacBook-Pro.local" time="0.094">
  <properties/>
  <testcase name="testScene()" classname="com.adventure.MT5" time="0.085"/>
  <testcase name="testHole()" classname="com.adventure.MT5" time="0.006"/>
  <system-out><![CDATA[Door is now open
]]></system-out>
  <system-err><![CDATA[]]></system-err>
</testsuite>
