<?xml version="1.0" encoding="UTF-8"?>
<testsuite name="com.adventure.MT6" tests="3" skipped="0" failures="0" errors="0" timestamp="2022-10-14T18:22:08" hostname="Juans-MacBook-Pro.local" time="1.0">
  <properties/>
  <testcase name="testCommandHelp()" classname="com.adventure.MT6" time="0.976"/>
  <testcase name="testCommandMove()" classname="com.adventure.MT6" time="0.013"/>
  <testcase name="testCommandUse()" classname="com.adventure.MT6" time="0.006"/>
  <system-out><![CDATA[]]></system-out>
  <system-err><![CDATA[]]></system-err>
</testsuite>
